{
  "RSpec": {
    "coverage": {
      "/Users/yura/projects/cyberstores/config/environment.rb": [
        null,
        1,
        null,
        null,
        1
      ],
      "/Users/yura/projects/cyberstores/config/application.rb": [
        1,
        null,
        1,
        null,
        null,
        null,
        1,
        null,
        1,
        1,
        null,
        1,
        null,
        null,
        null,
        null,
        null,
        null,
        null
      ],
      "/Users/yura/projects/cyberstores/config/boot.rb": [
        1,
        null,
        1,
        1
      ],
      "/Users/yura/projects/cyberstores/config/environments/test.rb": [
        1,
        null,
        null,
        null,
        null,
        null,
        null,
        1,
        null,
        null,
        null,
        null,
        1,
        null,
        null,
        1,
        1,
        null,
        null,
        null,
        null,
        1,
        1,
        null,
        null,
        1,
        null,
        null,
        1,
        null,
        null,
        1,
        null,
        1,
        null,
        null,
        null,
        null,
        1,
        null,
        null,
        1,
        null,
        null,
        null,
        null
      ],
      "/Users/yura/projects/cyberstores/config/initializers/application_controller_renderer.rb": [
        null,
        null,
        null,
        null,
        null,
        null,
        null,
        null
      ],
      "/Users/yura/projects/cyberstores/config/initializers/assets.rb": [
        null,
        null,
        null,
        1,
        null,
        null,
        null,
        null,
        1,
        null,
        null,
        null,
        null,
        null
      ],
      "/Users/yura/projects/cyberstores/config/initializers/backtrace_silencers.rb": [
        null,
        null,
        null,
        null,
        null,
        null,
        null
      ],
      "/Users/yura/projects/cyberstores/config/initializers/content_security_policy.rb": [
        null,
        null,
        null,
        null,
        null,
        null,
        null,
        null,
        null,
        null,
        null,
        null,
        null,
        null,
        null,
        null,
        null,
        null,
        null,
        null,
        null,
        null,
        null,
        null,
        null
      ],
      "/Users/yura/projects/cyberstores/config/initializers/cookies_serializer.rb": [
        null,
        null,
        null,
        null,
        1
      ],
      "/Users/yura/projects/cyberstores/config/initializers/filter_parameter_logging.rb": [
        null,
        null,
        null,
        1
      ],
      "/Users/yura/projects/cyberstores/config/initializers/inflections.rb": [
        null,
        null,
        null,
        null,
        null,
        null,
        null,
        null,
        null,
        null,
        null,
        null,
        null,
        null,
        null,
        null
      ],
      "/Users/yura/projects/cyberstores/config/initializers/mime_types.rb": [
        null,
        null,
        null,
        null
      ],
      "/Users/yura/projects/cyberstores/config/initializers/wrap_parameters.rb": [
        null,
        null,
        null,
        null,
        null,
        null,
        1,
        2,
        null,
        null,
        null,
        null,
        null,
        null
      ],
      "/Users/yura/projects/cyberstores/spec/factories/products.rb": [
        1,
        1,
        null,
        null
      ],
      "/Users/yura/projects/cyberstores/config/routes.rb": [
        1,
        1,
        1,
        null
      ],
      "/Users/yura/projects/cyberstores/app/helpers/application_helper.rb": [
        1,
        null
      ],
      "/Users/yura/projects/cyberstores/spec/support/capybara.rb": [
        1,
        1,
        null
      ],
      "/Users/yura/projects/cyberstores/spec/support/factory_bot.rb": [
        1,
        1,
        null
      ],
      "/Users/yura/projects/cyberstores/app/models/product.rb": [
        1,
        null
      ],
      "/Users/yura/projects/cyberstores/app/models/application_record.rb": [
        1,
        1,
        null
      ],
      "/Users/yura/projects/cyberstores/spec/requests/products_spec.rb": [
        1,
        null,
        1,
        1,
        2,
        2,
        null,
        1,
        1,
        1,
        1,
        1,
        null,
        null,
        null,
        null,
        1,
        1,
        1,
        1,
        1,
        1,
        1,
        null,
        1,
        1,
        1,
        1,
        1,
        null,
        null,
        null
      ],
      "/Users/yura/projects/cyberstores/spec/routing/products_routing_spec.rb": [
        1,
        null,
        1,
        1,
        null,
        1,
        1,
        null,
        null,
        1,
        1,
        null,
        null,
        1,
        1,
        null,
        null,
        1,
        1,
        null,
        null,
        1,
        1,
        null,
        null,
        1,
        1,
        null,
        null,
        1,
        1,
        null,
        null,
        1,
        1,
        null,
        null,
        null,
        null
      ],
      "/Users/yura/projects/cyberstores/app/controllers/products_controller.rb": [
        1,
        1,
        null,
        null,
        null,
        1,
        1,
        null,
        null,
        null,
        null,
        1,
        null,
        null,
        null,
        1,
        1,
        null,
        null,
        null,
        1,
        null,
        null,
        null,
        null,
        1,
        1,
        null,
        1,
        1,
        2,
        1,
        null,
        0,
        0,
        null,
        null,
        null,
        null,
        null,
        null,
        1,
        0,
        0,
        0,
        0,
        null,
        0,
        0,
        null,
        null,
        null,
        null,
        null,
        null,
        1,
        0,
        0,
        0,
        0,
        null,
        null,
        null,
        1,
        null,
        1,
        1,
        null,
        null,
        null,
        1,
        1,
        null,
        null
      ],
      "/Users/yura/projects/cyberstores/app/controllers/application_controller.rb": [
        1,
        null
      ]
    },
    "timestamp": 1534585888
  }
}
